<?xml version="1.0" encoding="UTF-8"?>
<!-- Generated by org.testng.reporters.JUnitReportReporter -->
<testsuite hostname="LAPTOP-CH5ODTAG" failures="0" tests="1" name="com.APIAssignment.Tests.getAPI" time="2.282" errors="0" timestamp="27 Jul 2021 14:56:15 GMT" skipped="0">
  <testcase classname="com.APIAssignment.Tests.getAPI" name="getAPIRequest" time="2.282"/>
</testsuite> <!-- com.APIAssignment.Tests.getAPI -->
